<?xml version="1.0" encoding="UTF-8"?>
<testsuite xmlns:xsi="http://www.w3.org/2001/XMLSchema-instance" xsi:noNamespaceSchemaLocation="https://maven.apache.org/surefire/maven-surefire-plugin/xsd/surefire-test-report.xsd" name="TetrisTest" time="0.083" tests="55" errors="1" skipped="0" failures="2">
  <properties>
[...]
</properties>
  <testcase name="RotarDerecha2VecesStick_Test" classname="TetrisTest" time="0.011"/>
  <testcase name="rotarIzquierda2VecesDogRight_Test" classname="TetrisTest" time="0.001"/>
  <testcase name="RotarIzquierdaStick_Test" classname="TetrisTest" time="0"/>
  <testcase name="rotarDerechaT_Test" classname="TetrisTest" time="0.001"/>
  <testcase name="rotarDerecha3VecesLRight_Test" classname="TetrisTest" time="0"/>
  <testcase name="corroborarFuncionamientoColumnaAleatoria_Test" classname="TetrisTest" time="0.014">
    <failure message="expected:&lt;1&gt; but was:&lt;0&gt;" type="java.lang.AssertionError"><![CDATA[java.lang.AssertionError: expected:<1> but was:<0>
	at TetrisTest.corroborarFuncionamientoColumnaAleatoria_Test(TetrisTest.java:962)
]]></failure>
  </testcase>
  <testcase name="rotarDerecha4VecesLLeft_Test" classname="TetrisTest" time="0"/>
  <testcase name="rotarIzquierdaDogRight_Test" classname="TetrisTest" time="0"/>
  <testcase name="rotarDerecha2VecesDogLeft_Test" classname="TetrisTest" time="0"/>
  <testcase name="PieceStick_Test" classname="TetrisTest" time="0"/>
  <testcase name="rotarIzquierda4VecesLRight_Test" classname="TetrisTest" time="0"/>
  <testcase name="agregarUnaPiezaEnElBoard_Test" classname="TetrisTest" time="0"/>
  <testcase name="rotarDerecha3VecesLLeft_Test" classname="TetrisTest" time="0"/>
  <testcase name="rotarDerecha2VecesT_Test" classname="TetrisTest" time="0"/>
  <testcase name="BorrarLineTetris_Test" classname="TetrisTest" time="0.001"/>
  <testcase name="createBoard_Test" classname="TetrisTest" time="0"/>
  <testcase name="rotarDerecha3VecesT_Test" classname="TetrisTest" time="0"/>
  <testcase name="PieceT_Test" classname="TetrisTest" time="0"/>
  <testcase name="rotarDerecha2VecesPieceLRight_Test" classname="TetrisTest" time="0"/>
  <testcase name="rotarDerecha2VecesPieceLLeft_Test" classname="TetrisTest" time="0"/>
  <testcase name="rotarDerecha4VecesT_Test" classname="TetrisTest" time="0"/>
  <testcase name="agregarPiezasEnElBoard_Test" classname="TetrisTest" time="0">
    <error message="Cannot read field &quot;matriz&quot; because &quot;this.piezaAleatoria&quot; is null" type="java.lang.NullPointerException">java.lang.NullPointerException: Cannot read field "matriz" because "this.piezaAleatoria" is null
	at TetrisTest.agregarPiezasEnElBoard_Test(TetrisTest.java:926)
</error>
  </testcase>
  <testcase name="rotarDerecha4VecesLRight_Test" classname="TetrisTest" time="0"/>
  <testcase name="rotarIzquierda2VecesPieceLRight_Test" classname="TetrisTest" time="0"/>
  <testcase name="rotarDerechaPieceLLeft_Test" classname="TetrisTest" time="0"/>
  <testcase name="PieceLLeft_Test" classname="TetrisTest" time="0"/>
  <testcase name="AgregarUnaPiezaRotadaHaciaLaDerechaEnElBoard_Test" classname="TetrisTest" time="0"/>
  <testcase name="rotarDerechaSquare_Test" classname="TetrisTest" time="0"/>
  <testcase name="rotarDerechaDogLeft_Test" classname="TetrisTest" time="0"/>
  <testcase name="rotarDerechaPieceLRight_Test" classname="TetrisTest" time="0"/>
  <testcase name="rotarDerecha2VecesDogRight_Test" classname="TetrisTest" time="0"/>
  <testcase name="rotarIzquierda4VecesLLeft_Test" classname="TetrisTest" time="0"/>
  <testcase name="PieceLRight_Test" classname="TetrisTest" time="0"/>
  <testcase name="PieceDogRight_Test" classname="TetrisTest" time="0"/>
  <testcase name="moverPiezaHaciaAbajo_Test" classname="TetrisTest" time="0"/>
  <testcase name="rotarIzquierdaT_Test" classname="TetrisTest" time="0"/>
  <testcase name="rotarIzquierdaSquare_Test" classname="TetrisTest" time="0">
    <failure message="expected:&lt;1&gt; but was:&lt;0&gt;" type="java.lang.AssertionError"><![CDATA[java.lang.AssertionError: expected:<1> but was:<0>
	at TetrisTest.rotarIzquierdaSquare_Test(TetrisTest.java:182)
]]></failure>
  </testcase>
  <testcase name="PieceSquare_Test" classname="TetrisTest" time="0"/>
  <testcase name="rotarIzquierda2VecesT_Test" classname="TetrisTest" time="0"/>
  <testcase name="rotarIzquierda2VecesPieceLLeft_Test" classname="TetrisTest" time="0"/>
  <testcase name="MoverHaciaAbajoYRotarPieza_Test" classname="TetrisTest" time="0"/>
  <testcase name="rotarIzquierda3VecesT_Test" classname="TetrisTest" time="0"/>
  <testcase name="AgregarUnaPiezaRotadaHaciaLaIzquierdaEnElBoard_Test" classname="TetrisTest" time="0"/>
  <testcase name="rotarIzquierda3VecesPieceLLeft_Test" classname="TetrisTest" time="0"/>
  <testcase name="rotarIzquierda4VecesT_Test" classname="TetrisTest" time="0"/>
  <testcase name="rotarIzquierdaPieceLLeft_Test" classname="TetrisTest" time="0"/>
  <testcase name="create_Tetris" classname="TetrisTest" time="0"/>
  <testcase name="PieceDogLeft_Test" classname="TetrisTest" time="0"/>
  <testcase name="rotarIzquierdaDogLeft_Test" classname="TetrisTest" time="0"/>
  <testcase name="rotarDerechaDogRight_Test" classname="TetrisTest" time="0"/>
  <testcase name="rotarIzquierda3VecesLRight_Test" classname="TetrisTest" time="0"/>
  <testcase name="rotarIzquierda2VecesDogLeft_Test" classname="TetrisTest" time="0"/>
  <testcase name="rotarIzquierdaPieceLRight_Test" classname="TetrisTest" time="0"/>
  <testcase name="RotarIquierda2VecesStick_Test" classname="TetrisTest" time="0"/>
  <testcase name="RotarDerechaStick_Test" classname="TetrisTest" time="0"/>
</testsuite>